nohup: ignoring input

  .   ____          _            __ _ _
 /\\ / ___'_ __ _ _(_)_ __  __ _ \ \ \ \
( ( )\___ | '_ | '_| | '_ \/ _` | \ \ \ \
 \\/  ___)| |_)| | | | | || (_| |  ) ) ) )
  '  |____| .__|_| |_|_| |_\__, | / / / /
 =========|_|==============|___/=/_/_/_/
 :: Spring Boot ::                (v3.2.5)

2025-07-02T16:28:00.458+05:30  INFO 19450 --- [           main] c.e.bookstore.BookStoreApplication       : Starting BookStoreApplication v1.0.0 using Java 17.0.15 with PID 19450 (/home/suma/Downloads/BookStoreApp/bookstore-1.0.0.jar started by suma in /home/suma/Downloads/BookStoreApp)
2025-07-02T16:28:00.463+05:30  INFO 19450 --- [           main] c.e.bookstore.BookStoreApplication       : No active profile set, falling back to 1 default profile: "default"
2025-07-02T16:28:00.966+05:30  INFO 19450 --- [           main] .s.d.r.c.RepositoryConfigurationDelegate : Bootstrapping Spring Data MongoDB repositories in DEFAULT mode.
2025-07-02T16:28:01.004+05:30  INFO 19450 --- [           main] .s.d.r.c.RepositoryConfigurationDelegate : Finished Spring Data repository scanning in 34 ms. Found 1 MongoDB repository interface.
2025-07-02T16:28:01.316+05:30  INFO 19450 --- [           main] o.s.b.w.embedded.tomcat.TomcatWebServer  : Tomcat initialized with port 8081 (http)
2025-07-02T16:28:01.326+05:30  INFO 19450 --- [           main] o.apache.catalina.core.StandardService   : Starting service [Tomcat]
2025-07-02T16:28:01.326+05:30  INFO 19450 --- [           main] o.apache.catalina.core.StandardEngine    : Starting Servlet engine: [Apache Tomcat/10.1.20]
2025-07-02T16:28:01.354+05:30  INFO 19450 --- [           main] o.a.c.c.C.[Tomcat].[localhost].[/]       : Initializing Spring embedded WebApplicationContext
2025-07-02T16:28:01.355+05:30  INFO 19450 --- [           main] w.s.c.ServletWebServerApplicationContext : Root WebApplicationContext: initialization completed in 819 ms
2025-07-02T16:28:01.471+05:30  INFO 19450 --- [           main] org.mongodb.driver.cluster               : Adding discovered server mongodb-shard-00-00.s2ipx.mongodb.net:27017 to client view of cluster
2025-07-02T16:28:01.500+05:30  INFO 19450 --- [           main] org.mongodb.driver.cluster               : Adding discovered server mongodb-shard-00-01.s2ipx.mongodb.net:27017 to client view of cluster
2025-07-02T16:28:01.512+05:30  INFO 19450 --- [           main] org.mongodb.driver.cluster               : Adding discovered server mongodb-shard-00-02.s2ipx.mongodb.net:27017 to client view of cluster
2025-07-02T16:28:01.536+05:30  INFO 19450 --- [           main] org.mongodb.driver.client                : MongoClient with metadata {"application": {"name": "MongoDB"}, "driver": {"name": "mongo-java-driver|sync|spring-boot", "version": "4.11.2"}, "os": {"type": "Linux", "name": "Linux", "architecture": "amd64", "version": "5.15.0-139-generic"}, "platform": "Java/Ubuntu/17.0.15+6-Ubuntu-0ubuntu120.04"} created with settings MongoClientSettings{readPreference=primary, writeConcern=WriteConcern{w=majority, wTimeout=null ms, journal=null}, retryWrites=true, retryReads=true, readConcern=ReadConcern{level=null}, credential=MongoCredential{mechanism=null, userName='Admin', source='admin', password=<hidden>, mechanismProperties=<hidden>}, transportSettings=null, streamFactoryFactory=null, commandListeners=[], codecRegistry=ProvidersCodecRegistry{codecProviders=[ValueCodecProvider{}, BsonValueCodecProvider{}, DBRefCodecProvider{}, DBObjectCodecProvider{}, DocumentCodecProvider{}, CollectionCodecProvider{}, IterableCodecProvider{}, MapCodecProvider{}, GeoJsonCodecProvider{}, GridFSFileCodecProvider{}, Jsr310CodecProvider{}, JsonObjectCodecProvider{}, BsonCodecProvider{}, EnumCodecProvider{}, com.mongodb.client.model.mql.ExpressionCodecProvider@4fd05028, com.mongodb.Jep395RecordCodecProvider@3a2d3909, com.mongodb.KotlinCodecProvider@4fb392c4]}, loggerSettings=LoggerSettings{maxDocumentLength=1000}, clusterSettings={hosts=[mongodb-shard-00-00.s2ipx.mongodb.net:27017, mongodb-shard-00-01.s2ipx.mongodb.net:27017, mongodb-shard-00-02.s2ipx.mongodb.net:27017], srvServiceName=mongodb, mode=MULTIPLE, requiredClusterType=REPLICA_SET, requiredReplicaSetName='atlas-11n6r7-shard-0', serverSelector='null', clusterListeners='[]', serverSelectionTimeout='30000 ms', localThreshold='15 ms'}, socketSettings=SocketSettings{connectTimeoutMS=10000, readTimeoutMS=0, receiveBufferSize=0, proxySettings=ProxySettings{host=null, port=null, username=null, password=null}}, heartbeatSocketSettings=SocketSettings{connectTimeoutMS=10000, readTimeoutMS=10000, receiveBufferSize=0, proxySettings=ProxySettings{host=null, port=null, username=null, password=null}}, connectionPoolSettings=ConnectionPoolSettings{maxSize=100, minSize=0, maxWaitTimeMS=120000, maxConnectionLifeTimeMS=0, maxConnectionIdleTimeMS=0, maintenanceInitialDelayMS=0, maintenanceFrequencyMS=60000, connectionPoolListeners=[], maxConnecting=2}, serverSettings=ServerSettings{heartbeatFrequencyMS=10000, minHeartbeatFrequencyMS=500, serverListeners='[]', serverMonitorListeners='[]'}, sslSettings=SslSettings{enabled=true, invalidHostNameAllowed=false, context=null}, applicationName='MongoDB', compressorList=[], uuidRepresentation=JAVA_LEGACY, serverApi=null, autoEncryptionSettings=null, dnsClient=null, inetAddressResolver=null, contextProvider=null}
2025-07-02T16:28:01.845+05:30  INFO 19450 --- [ngodb.net:27017] org.mongodb.driver.cluster               : Monitor thread successfully connected to server with description ServerDescription{address=mongodb-shard-00-02.s2ipx.mongodb.net:27017, type=REPLICA_SET_SECONDARY, state=CONNECTED, ok=true, minWireVersion=0, maxWireVersion=25, maxDocumentSize=16777216, logicalSessionTimeoutMinutes=30, roundTripTimeNanos=192633033, setName='atlas-11n6r7-shard-0', canonicalAddress=mongodb-shard-00-02.s2ipx.mongodb.net:27017, hosts=[mongodb-shard-00-02.s2ipx.mongodb.net:27017, mongodb-shard-00-01.s2ipx.mongodb.net:27017, mongodb-shard-00-00.s2ipx.mongodb.net:27017], passives=[], arbiters=[], primary='mongodb-shard-00-01.s2ipx.mongodb.net:27017', tagSet=TagSet{[Tag{name='availabilityZone', value='aps1-az2'}, Tag{name='diskState', value='READY'}, Tag{name='nodeType', value='ELECTABLE'}, Tag{name='provider', value='AWS'}, Tag{name='region', value='AP_SOUTH_1'}, Tag{name='workloadType', value='OPERATIONAL'}]}, electionId=null, setVersion=346, topologyVersion=TopologyVersion{processId=6853c513a6a497038fef95c9, counter=5}, lastWriteDate=Wed Jul 02 16:28:01 IST 2025, lastUpdateTimeNanos=25258778733209}
2025-07-02T16:28:01.846+05:30  INFO 19450 --- [ngodb.net:27017] org.mongodb.driver.cluster               : Monitor thread successfully connected to server with description ServerDescription{address=mongodb-shard-00-00.s2ipx.mongodb.net:27017, type=REPLICA_SET_SECONDARY, state=CONNECTED, ok=true, minWireVersion=0, maxWireVersion=25, maxDocumentSize=16777216, logicalSessionTimeoutMinutes=30, roundTripTimeNanos=164192319, setName='atlas-11n6r7-shard-0', canonicalAddress=mongodb-shard-00-00.s2ipx.mongodb.net:27017, hosts=[mongodb-shard-00-02.s2ipx.mongodb.net:27017, mongodb-shard-00-01.s2ipx.mongodb.net:27017, mongodb-shard-00-00.s2ipx.mongodb.net:27017], passives=[], arbiters=[], primary='mongodb-shard-00-01.s2ipx.mongodb.net:27017', tagSet=TagSet{[Tag{name='availabilityZone', value='aps1-az1'}, Tag{name='diskState', value='READY'}, Tag{name='nodeType', value='ELECTABLE'}, Tag{name='provider', value='AWS'}, Tag{name='region', value='AP_SOUTH_1'}, Tag{name='workloadType', value='OPERATIONAL'}]}, electionId=null, setVersion=346, topologyVersion=TopologyVersion{processId=6862491006159d070a75e3e0, counter=3}, lastWriteDate=Wed Jul 02 16:28:01 IST 2025, lastUpdateTimeNanos=25258778708018}
2025-07-02T16:28:01.847+05:30  INFO 19450 --- [ngodb.net:27017] org.mongodb.driver.cluster               : Monitor thread successfully connected to server with description ServerDescription{address=mongodb-shard-00-01.s2ipx.mongodb.net:27017, type=REPLICA_SET_PRIMARY, state=CONNECTED, ok=true, minWireVersion=0, maxWireVersion=25, maxDocumentSize=16777216, logicalSessionTimeoutMinutes=30, roundTripTimeNanos=177632575, setName='atlas-11n6r7-shard-0', canonicalAddress=mongodb-shard-00-01.s2ipx.mongodb.net:27017, hosts=[mongodb-shard-00-02.s2ipx.mongodb.net:27017, mongodb-shard-00-01.s2ipx.mongodb.net:27017, mongodb-shard-00-00.s2ipx.mongodb.net:27017], passives=[], arbiters=[], primary='mongodb-shard-00-01.s2ipx.mongodb.net:27017', tagSet=TagSet{[Tag{name='availabilityZone', value='aps1-az3'}, Tag{name='diskState', value='READY'}, Tag{name='nodeType', value='ELECTABLE'}, Tag{name='provider', value='AWS'}, Tag{name='region', value='AP_SOUTH_1'}, Tag{name='workloadType', value='OPERATIONAL'}]}, electionId=7fffffff0000000000000110, setVersion=346, topologyVersion=TopologyVersion{processId=6853c2db3f148fbea3eafc3d, counter=9}, lastWriteDate=Wed Jul 02 16:28:01 IST 2025, lastUpdateTimeNanos=25258778447149}
2025-07-02T16:28:01.852+05:30  INFO 19450 --- [ngodb.net:27017] org.mongodb.driver.cluster               : Discovered replica set primary mongodb-shard-00-01.s2ipx.mongodb.net:27017 with max election id 7fffffff0000000000000110 and max set version 346
2025-07-02T16:28:01.997+05:30  INFO 19450 --- [           main] o.s.b.w.embedded.tomcat.TomcatWebServer  : Tomcat started on port 8081 (http) with context path ''
2025-07-02T16:28:02.007+05:30  INFO 19450 --- [           main] c.e.bookstore.BookStoreApplication       : Started BookStoreApplication in 1.878 seconds (process running for 2.222)
2025-07-02T16:28:37.019+05:30  INFO 19450 --- [nio-8081-exec-1] o.a.c.c.C.[Tomcat].[localhost].[/]       : Initializing Spring DispatcherServlet 'dispatcherServlet'
2025-07-02T16:28:37.019+05:30  INFO 19450 --- [nio-8081-exec-1] o.s.web.servlet.DispatcherServlet        : Initializing Servlet 'dispatcherServlet'
2025-07-02T16:28:37.020+05:30  INFO 19450 --- [nio-8081-exec-1] o.s.web.servlet.DispatcherServlet        : Completed initialization in 1 ms
2025-07-02T16:28:37.311+05:30 ERROR 19450 --- [nio-8081-exec-1] o.a.c.c.C.[.[.[/].[dispatcherServlet]    : Servlet.service() for servlet [dispatcherServlet] in context with path [] threw exception [Request processing failed: org.springframework.data.mongodb.UncategorizedMongoDbException: Exception authenticating MongoCredential{mechanism=SCRAM-SHA-1, userName='Admin', source='admin', password=<hidden>, mechanismProperties=<hidden>}] with root cause

com.mongodb.MongoCommandException: Command failed with error 8000 (AtlasError): 'bad auth : authentication failed' on server mongodb-shard-00-01.s2ipx.mongodb.net:27017. The full response is {"ok": 0, "errmsg": "bad auth : authentication failed", "code": 8000, "codeName": "AtlasError"}
	at com.mongodb.internal.connection.ProtocolHelper.getCommandFailureException(ProtocolHelper.java:205) ~[mongodb-driver-core-4.11.2.jar!/:na]
	at com.mongodb.internal.connection.InternalStreamConnection.receiveCommandMessageResponse(InternalStreamConnection.java:454) ~[mongodb-driver-core-4.11.2.jar!/:na]
	at com.mongodb.internal.connection.InternalStreamConnection.sendAndReceive(InternalStreamConnection.java:372) ~[mongodb-driver-core-4.11.2.jar!/:na]
	at com.mongodb.internal.connection.CommandHelper.sendAndReceive(CommandHelper.java:92) ~[mongodb-driver-core-4.11.2.jar!/:na]
	at com.mongodb.internal.connection.CommandHelper.executeCommand(CommandHelper.java:48) ~[mongodb-driver-core-4.11.2.jar!/:na]
	at com.mongodb.internal.connection.SaslAuthenticator.sendSaslContinue(SaslAuthenticator.java:228) ~[mongodb-driver-core-4.11.2.jar!/:na]
	at com.mongodb.internal.connection.SaslAuthenticator.lambda$authenticate$0(SaslAuthenticator.java:75) ~[mongodb-driver-core-4.11.2.jar!/:na]
	at com.mongodb.internal.connection.SaslAuthenticator.doAsSubject(SaslAuthenticator.java:277) ~[mongodb-driver-core-4.11.2.jar!/:na]
	at com.mongodb.internal.connection.SaslAuthenticator.authenticate(SaslAuthenticator.java:59) ~[mongodb-driver-core-4.11.2.jar!/:na]
	at com.mongodb.internal.connection.DefaultAuthenticator.authenticate(DefaultAuthenticator.java:57) ~[mongodb-driver-core-4.11.2.jar!/:na]
	at com.mongodb.internal.connection.InternalStreamConnectionInitializer.authenticate(InternalStreamConnectionInitializer.java:206) ~[mongodb-driver-core-4.11.2.jar!/:na]
	at com.mongodb.internal.connection.InternalStreamConnectionInitializer.finishHandshake(InternalStreamConnectionInitializer.java:86) ~[mongodb-driver-core-4.11.2.jar!/:na]
	at com.mongodb.internal.connection.InternalStreamConnection.open(InternalStreamConnection.java:216) ~[mongodb-driver-core-4.11.2.jar!/:na]
	at com.mongodb.internal.connection.UsageTrackingInternalConnection.open(UsageTrackingInternalConnection.java:55) ~[mongodb-driver-core-4.11.2.jar!/:na]
	at com.mongodb.internal.connection.DefaultConnectionPool$PooledConnection.open(DefaultConnectionPool.java:647) ~[mongodb-driver-core-4.11.2.jar!/:na]
	at com.mongodb.internal.connection.DefaultConnectionPool$OpenConcurrencyLimiter.openWithConcurrencyLimit(DefaultConnectionPool.java:993) ~[mongodb-driver-core-4.11.2.jar!/:na]
	at com.mongodb.internal.connection.DefaultConnectionPool$OpenConcurrencyLimiter.openOrGetAvailable(DefaultConnectionPool.java:934) ~[mongodb-driver-core-4.11.2.jar!/:na]
	at com.mongodb.internal.connection.DefaultConnectionPool.get(DefaultConnectionPool.java:203) ~[mongodb-driver-core-4.11.2.jar!/:na]
	at com.mongodb.internal.connection.DefaultConnectionPool.get(DefaultConnectionPool.java:192) ~[mongodb-driver-core-4.11.2.jar!/:na]
	at com.mongodb.internal.connection.DefaultServer.getConnection(DefaultServer.java:96) ~[mongodb-driver-core-4.11.2.jar!/:na]
	at com.mongodb.internal.binding.ClusterBinding$ClusterBindingConnectionSource.getConnection(ClusterBinding.java:186) ~[mongodb-driver-core-4.11.2.jar!/:na]
	at com.mongodb.client.internal.ClientSessionBinding$SessionBindingConnectionSource.getConnection(ClientSessionBinding.java:196) ~[mongodb-driver-sync-4.11.2.jar!/:na]
	at com.mongodb.internal.operation.SyncOperationHelper.withSuppliedResource(SyncOperationHelper.java:144) ~[mongodb-driver-core-4.11.2.jar!/:na]
	at com.mongodb.internal.operation.SyncOperationHelper.lambda$withSourceAndConnection$1(SyncOperationHelper.java:126) ~[mongodb-driver-core-4.11.2.jar!/:na]
	at com.mongodb.internal.operation.SyncOperationHelper.withSuppliedResource(SyncOperationHelper.java:152) ~[mongodb-driver-core-4.11.2.jar!/:na]
	at com.mongodb.internal.operation.SyncOperationHelper.withSourceAndConnection(SyncOperationHelper.java:125) ~[mongodb-driver-core-4.11.2.jar!/:na]
	at com.mongodb.internal.operation.FindOperation.lambda$execute$2(FindOperation.java:322) ~[mongodb-driver-core-4.11.2.jar!/:na]
	at com.mongodb.internal.operation.SyncOperationHelper.lambda$decorateReadWithRetries$12(SyncOperationHelper.java:292) ~[mongodb-driver-core-4.11.2.jar!/:na]
	at com.mongodb.internal.async.function.RetryingSyncSupplier.get(RetryingSyncSupplier.java:67) ~[mongodb-driver-core-4.11.2.jar!/:na]
	at com.mongodb.internal.operation.FindOperation.execute(FindOperation.java:333) ~[mongodb-driver-core-4.11.2.jar!/:na]
	at com.mongodb.internal.operation.FindOperation.execute(FindOperation.java:73) ~[mongodb-driver-core-4.11.2.jar!/:na]
	at com.mongodb.client.internal.MongoClientDelegate$DelegateOperationExecutor.execute(MongoClientDelegate.java:153) ~[mongodb-driver-sync-4.11.2.jar!/:na]
	at com.mongodb.client.internal.MongoIterableImpl.execute(MongoIterableImpl.java:130) ~[mongodb-driver-sync-4.11.2.jar!/:na]
	at com.mongodb.client.internal.MongoIterableImpl.iterator(MongoIterableImpl.java:90) ~[mongodb-driver-sync-4.11.2.jar!/:na]
	at org.springframework.data.mongodb.core.MongoTemplate.executeFindMultiInternal(MongoTemplate.java:2914) ~[spring-data-mongodb-4.2.5.jar!/:4.2.5]
	at org.springframework.data.mongodb.core.MongoTemplate.doFind(MongoTemplate.java:2598) ~[spring-data-mongodb-4.2.5.jar!/:4.2.5]
	at org.springframework.data.mongodb.core.MongoTemplate.doFind(MongoTemplate.java:2577) ~[spring-data-mongodb-4.2.5.jar!/:4.2.5]
	at org.springframework.data.mongodb.core.MongoTemplate.find(MongoTemplate.java:866) ~[spring-data-mongodb-4.2.5.jar!/:4.2.5]
	at org.springframework.data.mongodb.repository.support.SimpleMongoRepository.findAll(SimpleMongoRepository.java:402) ~[spring-data-mongodb-4.2.5.jar!/:4.2.5]
	at org.springframework.data.mongodb.repository.support.SimpleMongoRepository.findAll(SimpleMongoRepository.java:144) ~[spring-data-mongodb-4.2.5.jar!/:4.2.5]
	at org.springframework.data.mongodb.repository.support.SimpleMongoRepository.findAll(SimpleMongoRepository.java:64) ~[spring-data-mongodb-4.2.5.jar!/:4.2.5]
	at java.base/jdk.internal.reflect.NativeMethodAccessorImpl.invoke0(Native Method) ~[na:na]
	at java.base/jdk.internal.reflect.NativeMethodAccessorImpl.invoke(NativeMethodAccessorImpl.java:77) ~[na:na]
	at java.base/jdk.internal.reflect.DelegatingMethodAccessorImpl.invoke(DelegatingMethodAccessorImpl.java:43) ~[na:na]
	at java.base/java.lang.reflect.Method.invoke(Method.java:569) ~[na:na]
	at org.springframework.aop.support.AopUtils.invokeJoinpointUsingReflection(AopUtils.java:354) ~[spring-aop-6.1.6.jar!/:6.1.6]
	at org.springframework.data.repository.core.support.RepositoryMethodInvoker$RepositoryFragmentMethodInvoker.lambda$new$0(RepositoryMethodInvoker.java:277) ~[spring-data-commons-3.2.5.jar!/:3.2.5]
	at org.springframework.data.repository.core.support.RepositoryMethodInvoker.doInvoke(RepositoryMethodInvoker.java:170) ~[spring-data-commons-3.2.5.jar!/:3.2.5]
	at org.springframework.data.repository.core.support.RepositoryMethodInvoker.invoke(RepositoryMethodInvoker.java:158) ~[spring-data-commons-3.2.5.jar!/:3.2.5]
	at org.springframework.data.repository.core.support.RepositoryComposition$RepositoryFragments.invoke(RepositoryComposition.java:516) ~[spring-data-commons-3.2.5.jar!/:3.2.5]
	at org.springframework.data.repository.core.support.RepositoryComposition.invoke(RepositoryComposition.java:285) ~[spring-data-commons-3.2.5.jar!/:3.2.5]
	at org.springframework.data.repository.core.support.RepositoryFactorySupport$ImplementationMethodExecutionInterceptor.invoke(RepositoryFactorySupport.java:628) ~[spring-data-commons-3.2.5.jar!/:3.2.5]
	at org.springframework.aop.framework.ReflectiveMethodInvocation.proceed(ReflectiveMethodInvocation.java:184) ~[spring-aop-6.1.6.jar!/:6.1.6]
	at org.springframework.data.repository.core.support.QueryExecutorMethodInterceptor.doInvoke(QueryExecutorMethodInterceptor.java:168) ~[spring-data-commons-3.2.5.jar!/:3.2.5]
	at org.springframework.data.repository.core.support.QueryExecutorMethodInterceptor.invoke(QueryExecutorMethodInterceptor.java:143) ~[spring-data-commons-3.2.5.jar!/:3.2.5]
	at org.springframework.aop.framework.ReflectiveMethodInvocation.proceed(ReflectiveMethodInvocation.java:184) ~[spring-aop-6.1.6.jar!/:6.1.6]
	at org.springframework.data.projection.DefaultMethodInvokingMethodInterceptor.invoke(DefaultMethodInvokingMethodInterceptor.java:70) ~[spring-data-commons-3.2.5.jar!/:3.2.5]
	at org.springframework.aop.framework.ReflectiveMethodInvocation.proceed(ReflectiveMethodInvocation.java:184) ~[spring-aop-6.1.6.jar!/:6.1.6]
	at org.springframework.data.mongodb.repository.support.CrudMethodMetadataPostProcessor$CrudMethodMetadataPopulatingMethodInterceptor.invoke(CrudMethodMetadataPostProcessor.java:158) ~[spring-data-mongodb-4.2.5.jar!/:4.2.5]
	at org.springframework.aop.framework.ReflectiveMethodInvocation.proceed(ReflectiveMethodInvocation.java:184) ~[spring-aop-6.1.6.jar!/:6.1.6]
	at org.springframework.aop.interceptor.ExposeInvocationInterceptor.invoke(ExposeInvocationInterceptor.java:97) ~[spring-aop-6.1.6.jar!/:6.1.6]
	at org.springframework.aop.framework.ReflectiveMethodInvocation.proceed(ReflectiveMethodInvocation.java:184) ~[spring-aop-6.1.6.jar!/:6.1.6]
	at org.springframework.aop.framework.JdkDynamicAopProxy.invoke(JdkDynamicAopProxy.java:223) ~[spring-aop-6.1.6.jar!/:6.1.6]
	at jdk.proxy2/jdk.proxy2.$Proxy68.findAll(Unknown Source) ~[na:na]
	at com.example.bookstore.controller.BookController.getAll(BookController.java:22) ~[!/:1.0.0]
	at java.base/jdk.internal.reflect.NativeMethodAccessorImpl.invoke0(Native Method) ~[na:na]
	at java.base/jdk.internal.reflect.NativeMethodAccessorImpl.invoke(NativeMethodAccessorImpl.java:77) ~[na:na]
	at java.base/jdk.internal.reflect.DelegatingMethodAccessorImpl.invoke(DelegatingMethodAccessorImpl.java:43) ~[na:na]
	at java.base/java.lang.reflect.Method.invoke(Method.java:569) ~[na:na]
	at org.springframework.web.method.support.InvocableHandlerMethod.doInvoke(InvocableHandlerMethod.java:255) ~[spring-web-6.1.6.jar!/:6.1.6]
	at org.springframework.web.method.support.InvocableHandlerMethod.invokeForRequest(InvocableHandlerMethod.java:188) ~[spring-web-6.1.6.jar!/:6.1.6]
	at org.springframework.web.servlet.mvc.method.annotation.ServletInvocableHandlerMethod.invokeAndHandle(ServletInvocableHandlerMethod.java:118) ~[spring-webmvc-6.1.6.jar!/:6.1.6]
	at org.springframework.web.servlet.mvc.method.annotation.RequestMappingHandlerAdapter.invokeHandlerMethod(RequestMappingHandlerAdapter.java:926) ~[spring-webmvc-6.1.6.jar!/:6.1.6]
	at org.springframework.web.servlet.mvc.method.annotation.RequestMappingHandlerAdapter.handleInternal(RequestMappingHandlerAdapter.java:831) ~[spring-webmvc-6.1.6.jar!/:6.1.6]
	at org.springframework.web.servlet.mvc.method.AbstractHandlerMethodAdapter.handle(AbstractHandlerMethodAdapter.java:87) ~[spring-webmvc-6.1.6.jar!/:6.1.6]
	at org.springframework.web.servlet.DispatcherServlet.doDispatch(DispatcherServlet.java:1089) ~[spring-webmvc-6.1.6.jar!/:6.1.6]
	at org.springframework.web.servlet.DispatcherServlet.doService(DispatcherServlet.java:979) ~[spring-webmvc-6.1.6.jar!/:6.1.6]
	at org.springframework.web.servlet.FrameworkServlet.processRequest(FrameworkServlet.java:1014) ~[spring-webmvc-6.1.6.jar!/:6.1.6]
	at org.springframework.web.servlet.FrameworkServlet.doGet(FrameworkServlet.java:903) ~[spring-webmvc-6.1.6.jar!/:6.1.6]
	at jakarta.servlet.http.HttpServlet.service(HttpServlet.java:564) ~[tomcat-embed-core-10.1.20.jar!/:na]
	at org.springframework.web.servlet.FrameworkServlet.service(FrameworkServlet.java:885) ~[spring-webmvc-6.1.6.jar!/:6.1.6]
	at jakarta.servlet.http.HttpServlet.service(HttpServlet.java:658) ~[tomcat-embed-core-10.1.20.jar!/:na]
	at org.apache.catalina.core.ApplicationFilterChain.internalDoFilter(ApplicationFilterChain.java:206) ~[tomcat-embed-core-10.1.20.jar!/:na]
	at org.apache.catalina.core.ApplicationFilterChain.doFilter(ApplicationFilterChain.java:150) ~[tomcat-embed-core-10.1.20.jar!/:na]
	at org.apache.tomcat.websocket.server.WsFilter.doFilter(WsFilter.java:51) ~[tomcat-embed-websocket-10.1.20.jar!/:na]
	at org.apache.catalina.core.ApplicationFilterChain.internalDoFilter(ApplicationFilterChain.java:175) ~[tomcat-embed-core-10.1.20.jar!/:na]
	at org.apache.catalina.core.ApplicationFilterChain.doFilter(ApplicationFilterChain.java:150) ~[tomcat-embed-core-10.1.20.jar!/:na]
	at org.springframework.web.filter.RequestContextFilter.doFilterInternal(RequestContextFilter.java:100) ~[spring-web-6.1.6.jar!/:6.1.6]
	at org.springframework.web.filter.OncePerRequestFilter.doFilter(OncePerRequestFilter.java:116) ~[spring-web-6.1.6.jar!/:6.1.6]
	at org.apache.catalina.core.ApplicationFilterChain.internalDoFilter(ApplicationFilterChain.java:175) ~[tomcat-embed-core-10.1.20.jar!/:na]
	at org.apache.catalina.core.ApplicationFilterChain.doFilter(ApplicationFilterChain.java:150) ~[tomcat-embed-core-10.1.20.jar!/:na]
	at org.springframework.web.filter.FormContentFilter.doFilterInternal(FormContentFilter.java:93) ~[spring-web-6.1.6.jar!/:6.1.6]
	at org.springframework.web.filter.OncePerRequestFilter.doFilter(OncePerRequestFilter.java:116) ~[spring-web-6.1.6.jar!/:6.1.6]
	at org.apache.catalina.core.ApplicationFilterChain.internalDoFilter(ApplicationFilterChain.java:175) ~[tomcat-embed-core-10.1.20.jar!/:na]
	at org.apache.catalina.core.ApplicationFilterChain.doFilter(ApplicationFilterChain.java:150) ~[tomcat-embed-core-10.1.20.jar!/:na]
	at org.springframework.web.filter.CharacterEncodingFilter.doFilterInternal(CharacterEncodingFilter.java:201) ~[spring-web-6.1.6.jar!/:6.1.6]
	at org.springframework.web.filter.OncePerRequestFilter.doFilter(OncePerRequestFilter.java:116) ~[spring-web-6.1.6.jar!/:6.1.6]
	at org.apache.catalina.core.ApplicationFilterChain.internalDoFilter(ApplicationFilterChain.java:175) ~[tomcat-embed-core-10.1.20.jar!/:na]
	at org.apache.catalina.core.ApplicationFilterChain.doFilter(ApplicationFilterChain.java:150) ~[tomcat-embed-core-10.1.20.jar!/:na]
	at org.apache.catalina.core.StandardWrapperValve.invoke(StandardWrapperValve.java:167) ~[tomcat-embed-core-10.1.20.jar!/:na]
	at org.apache.catalina.core.StandardContextValve.invoke(StandardContextValve.java:90) ~[tomcat-embed-core-10.1.20.jar!/:na]
	at org.apache.catalina.authenticator.AuthenticatorBase.invoke(AuthenticatorBase.java:482) ~[tomcat-embed-core-10.1.20.jar!/:na]
	at org.apache.catalina.core.StandardHostValve.invoke(StandardHostValve.java:115) ~[tomcat-embed-core-10.1.20.jar!/:na]
	at org.apache.catalina.valves.ErrorReportValve.invoke(ErrorReportValve.java:93) ~[tomcat-embed-core-10.1.20.jar!/:na]
	at org.apache.catalina.core.StandardEngineValve.invoke(StandardEngineValve.java:74) ~[tomcat-embed-core-10.1.20.jar!/:na]
	at org.apache.catalina.connector.CoyoteAdapter.service(CoyoteAdapter.java:344) ~[tomcat-embed-core-10.1.20.jar!/:na]
	at org.apache.coyote.http11.Http11Processor.service(Http11Processor.java:391) ~[tomcat-embed-core-10.1.20.jar!/:na]
	at org.apache.coyote.AbstractProcessorLight.process(AbstractProcessorLight.java:63) ~[tomcat-embed-core-10.1.20.jar!/:na]
	at org.apache.coyote.AbstractProtocol$ConnectionHandler.process(AbstractProtocol.java:896) ~[tomcat-embed-core-10.1.20.jar!/:na]
	at org.apache.tomcat.util.net.NioEndpoint$SocketProcessor.doRun(NioEndpoint.java:1736) ~[tomcat-embed-core-10.1.20.jar!/:na]
	at org.apache.tomcat.util.net.SocketProcessorBase.run(SocketProcessorBase.java:52) ~[tomcat-embed-core-10.1.20.jar!/:na]
	at org.apache.tomcat.util.threads.ThreadPoolExecutor.runWorker(ThreadPoolExecutor.java:1191) ~[tomcat-embed-core-10.1.20.jar!/:na]
	at org.apache.tomcat.util.threads.ThreadPoolExecutor$Worker.run(ThreadPoolExecutor.java:659) ~[tomcat-embed-core-10.1.20.jar!/:na]
	at org.apache.tomcat.util.threads.TaskThread$WrappingRunnable.run(TaskThread.java:63) ~[tomcat-embed-core-10.1.20.jar!/:na]
	at java.base/java.lang.Thread.run(Thread.java:840) ~[na:na]

2025-07-02T16:28:47.384+05:30  INFO 19450 --- [ngodb.net:27017] org.mongodb.driver.cluster               : Monitor thread successfully connected to server with description ServerDescription{address=mongodb-shard-00-01.s2ipx.mongodb.net:27017, type=REPLICA_SET_PRIMARY, state=CONNECTED, ok=true, minWireVersion=0, maxWireVersion=25, maxDocumentSize=16777216, logicalSessionTimeoutMinutes=30, roundTripTimeNanos=55632705, setName='atlas-11n6r7-shard-0', canonicalAddress=mongodb-shard-00-01.s2ipx.mongodb.net:27017, hosts=[mongodb-shard-00-02.s2ipx.mongodb.net:27017, mongodb-shard-00-01.s2ipx.mongodb.net:27017, mongodb-shard-00-00.s2ipx.mongodb.net:27017], passives=[], arbiters=[], primary='mongodb-shard-00-01.s2ipx.mongodb.net:27017', tagSet=TagSet{[Tag{name='availabilityZone', value='aps1-az3'}, Tag{name='diskState', value='READY'}, Tag{name='nodeType', value='ELECTABLE'}, Tag{name='provider', value='AWS'}, Tag{name='region', value='AP_SOUTH_1'}, Tag{name='workloadType', value='OPERATIONAL'}]}, electionId=7fffffff0000000000000110, setVersion=346, topologyVersion=TopologyVersion{processId=6853c2db3f148fbea3eafc3d, counter=9}, lastWriteDate=Wed Jul 02 16:28:47 IST 2025, lastUpdateTimeNanos=25304318882761}
2025-07-02T16:28:47.385+05:30  INFO 19450 --- [ngodb.net:27017] org.mongodb.driver.cluster               : Discovered replica set primary mongodb-shard-00-01.s2ipx.mongodb.net:27017 with max election id 7fffffff0000000000000110 and max set version 346
